[harrypotter.fandom.com/f/p/4400000000003660267.html]
[backblue.gif]
[fade.gif]
[index.html]
[harrypotter.fandom.com/__cb2203295391339181/resources-ucp/v2/dist/styles/ext.fandom.GlobalComponents.GlobalComponentsTheme.light.css]
[harrypotter.fandom.com/wikia3b93.css]
[harrypotter.fandom.com/__cb2203295391339181/resources-ucp/v2/dist/styles/ext.fandom.GlobalComponents.GlobalNavigationTheme.default.css]
[harrypotter.fandom.com/__cb2203295391339181/resources-ucp/v2/dist/styles/globalNavigation.css]
[harrypotter.fandom.com/__cb2203295391339181/resources-ucp/v2/dist/styles/mobileGlobalNavigation.css]
[harrypotter.fandom.com/__cb2203295391339181/resources-ucp/v2/dist/styles/globalFooter.css]
[harrypotter.fandom.com/__cb2203295391339181/resources-ucp/v2/dist/styles/communityHeaderBackground.css]
[harrypotter.fandom.com/__cb2203295391339181/resources-ucp/v2/dist/styles/communityHeader.css]
[harrypotter.fandom.com/__cb2203295391339181/resources-ucp/v2/dist/styles/stickyNavigation.css]
[harrypotter.fandom.com/__cb2203295391339181/resources-ucp/v2/dist/styles/communityBar.css]
[harrypotter.fandom.com/feeds-and-posts/public/7512810dd/assets/client.css]
[static.wikia.nocookie.net/harrypotter/images/e/e6/Site-logo.png/revision/Site-logo.png_; filename_=UTF-8''Site-logo1704.png]
[static.wikia.nocookie.net/b13e9abf-81b8-4672-8a0f-6a9b213cc57b/scale-to-width/phpqiVEGl.jpg_; filename_=UTF-8''phpqiVEGl.jpg]
[static.wikia.nocookie.net/7f5c8f1b-9d8e-4e7f-8436-2420a5ac4ea2/scale-to-width/1659456356883.jpg_; filename_=UTF-8''1659456356883.jpg]
[static.wikia.nocookie.net/1101f570-d9cc-467e-821e-fc5c2aa9f3ef/scale-to-width/static-assets-upload14280279984670009215.jpg_; filename_=UTF-8''static-assets-upload14280279984670009215.jpg]
[static.wikia.nocookie.net/cde961cf-498b-44c5-b5b8-bfc3057fff93/scale-to-width/phpZR5FGg.png_; filename_=UTF-8''phpZR5FGg.png]
[static.wikia.nocookie.net/6cfc5bd2-fa3a-4684-a0e3-f13e0941b0fa/scale-to-width/phpU0lSba.png_; filename_=UTF-8''phpU0lSba.png]
[harrypotter.fandom.com/f/p/4400000000003660267/r/4400000000015120924.html]
[static.wikia.nocookie.net/5bdd7cab-2fce-4547-8382-b1c44d3f38c6/scale-to-width/phpt0bbTn.jpg_; filename_=UTF-8''phpt0bbTn.jpg]
[harrypotter.fandom.com/f/p/4400000000003660267/r/4400000000015121022.html]
[static.wikia.nocookie.net/afaac8a4-8884-4c59-b89e-b4da80c358d7/scale-to-width/avatar-sci-fi-robot-1.png_; filename_=UTF-8''avatar-sci-fi-robot-1.png]
[harrypotter.fandom.com/f/p/4400000000003660267/r/4400000000015121106.html]
[static.wikia.nocookie.net/3709c5c4-e3ea-4f04-942f-8472cbf18fce/scale-to-width/static-assets-upload6561613821117899324.png_; filename_=UTF-8''static-assets-upload6561613821117899324.png]
[harrypotter.fandom.com/f/p/4400000000003660267/r/4400000000015121145.html]
[harrypotter.fandom.com/f/p/4400000000003660267/r/4400000000015121568.html]
[harrypotter.fandom.com/f/p/4400000000003660267/r/4400000000015121142.html]
[harrypotter.fandom.com/f/p/4400000000003660267/r/4400000000015122001.html]
[harrypotter.fandom.com/__cb2203295391339181/resources-ucp/v2/dist/scripts/init.js]
[harrypotter.fandom.com/__cb2203295391339181/resources-ucp/v2/dist/scripts/globalNavigation.js]
[harrypotter.fandom.com/__cb2203295391339181/resources-ucp/v2/dist/scripts/mobileGlobalNavigation.js]
[harrypotter.fandom.com/__cb2203295391339181/resources-ucp/v2/dist/scripts/globalFooter.js]
[harrypotter.fandom.com/f/p/4400000000003660267/r/4400000000015121578.html]
[harrypotter.fandom.com/__cb2203295391339181/resources-ucp/v2/dist/scripts/communityHeader.js]
[harrypotter.fandom.com/__cb2203295391339181/resources-ucp/v2/dist/scripts/stickyNavigation.js]
[harrypotter.fandom.com/f/p/4400000000003660267/r/4400000000015121798.html]
[harrypotter.fandom.com/__cb2203295391339181/resources-ucp/v2/dist/scripts/communityBar.js]
[static.wikia.nocookie.net/silversurfer/prod/latest/sdk.js]
[harrypotter.fandom.com/f/p/4400000000003660267.html]
[www.fastly-insights.com/static/scoute92a.js]
[harrypotter.fandom.com/wikia3b93.css]
[static.wikia.nocookie.net/silversurfer/prod/latest/pathfinder.js]
[harrypotter.fandom.com/f/p/4400000000003660267/r/4400000000015121876.html]
[harrypotter.fandom.com/f/p/4400000000003660267/r/4400000000015120550.html]
[static.wikia.nocookie.net/869411ad-9c53-4577-a8c8-6854c220a4c6/scale-to-width/phpVacF1C.jpg_; filename_=UTF-8''phpVacF1C.jpg]
[harrypotter.fandom.com/feeds-and-posts/public/7512810dd/assets/client.js]
[harrypotter.fandom.com/f/p/4400000000003660267/r/4400000000015120766.html]
[static.wikia.nocookie.net/6a1d22f1-a347-4ddc-9d18-84b88f0a4eb7/scale-to-width/static-assets-upload14704826749059726530.jpg_; filename_=UTF-8''static-assets-upload14704826749059726530.jpg]
[harrypotter.fandom.com/f/p/4400000000003660267/r/4400000000015120924.html]
[harrypotter.fandom.com/f/p/4400000000003660267/r/4400000000015121022.html]
[harrypotter.fandom.com/f/p/4400000000003660267/r/4400000000015121106.html]
[harrypotter.fandom.com/f/p/4400000000003660267/r/4400000000015121142.html]
[harrypotter.fandom.com/f/p/4400000000003660267/r/4400000000015120756.html]
[harrypotter.fandom.com/f/p/4400000000003660267/r/4400000000015121145.html]
[harrypotter.fandom.com/f/p/4400000000003660267/r/4400000000015121568.html]
[harrypotter.fandom.com/f/p/4400000000003660267/r/4400000000015121578.html]
[harrypotter.fandom.com/f/p/4400000000003660267/r/4400000000015121798.html]
[harrypotter.fandom.com/f/p/4400000000003660267/r/4400000000015121876.html]
[harrypotter.fandom.com/f/p/4400000000003660267/r/4400000000015122001.html]
[harrypotter.fandom.com/f/p/4400000000003660267/r/4400000000015120550.html]
[harrypotter.fandom.com/f/p/4400000000003660267/r/4400000000015120756.html]
[harrypotter.fandom.com/f/p/4400000000003660267/r/4400000000015120766.html]
[harrypotter.fandom.com/f/p/4400000000003660267/r/4400000000015120825.html]
[harrypotter.fandom.com/f/p/4400000000003660267/r/4400000000015120772.html]
[harrypotter.fandom.com/f/p/4400000000003660267/r/4400000000015120772.html]
[harrypotter.fandom.com/f/p/4400000000003660267/r/4400000000015120825.html]
[static.wikia.nocookie.net/harrypotter/images/e/e6/Site-logo.png/revision/Site-logo.png_; filename_=UTF-8''Site-logo1704.png]
[harrypotter.fandom.com/__cb2203295391339181/resources-ucp/v2/dist/styles/ext.fandom.GlobalComponents.GlobalComponentsTheme.light.css]
[static.wikia.nocookie.net/1101f570-d9cc-467e-821e-fc5c2aa9f3ef/scale-to-width/static-assets-upload14280279984670009215.jpg_; filename_=UTF-8''static-assets-upload14280279984670009215.jpg]
[static.wikia.nocookie.net/6cfc5bd2-fa3a-4684-a0e3-f13e0941b0fa/scale-to-width/phpU0lSba.png_; filename_=UTF-8''phpU0lSba.png]
[static.wikia.nocookie.net/afaac8a4-8884-4c59-b89e-b4da80c358d7/scale-to-width/avatar-sci-fi-robot-1.png_; filename_=UTF-8''avatar-sci-fi-robot-1.png]
[harrypotter.fandom.com/resources-ucp/v2/dist/svg/wds-brand-fandom-logo.svg]
[harrypotter.fandom.com/resources-ucp/v2/dist/svg/wds-brand-gamepedia-badge-orange.svg]
[harrypotter.fandom.com/__cb2203295391339181/resources-ucp/v2/dist/styles/ext.fandom.GlobalComponents.GlobalNavigationTheme.default.css]
[static.wikia.nocookie.net/3709c5c4-e3ea-4f04-942f-8472cbf18fce/scale-to-width/static-assets-upload6561613821117899324.png_; filename_=UTF-8''static-assets-upload6561613821117899324.png]
[harrypotter.fandom.com/__cb2203295391339181/resources-ucp/v2/dist/styles/globalNavigation.css]
[harrypotter.fandom.com/__cb2203295391339181/resources-ucp/v2/dist/styles/mobileGlobalNavigation.css]
[harrypotter.fandom.com/__cb2203295391339181/resources-ucp/v2/dist/styles/globalFooter.css]
[harrypotter.fandom.com/__cb2203295391339181/resources-ucp/v2/dist/styles/communityHeaderBackground.css]
[harrypotter.fandom.com/__cb2203295391339181/resources-ucp/v2/dist/styles/communityHeader.css]
[harrypotter.fandom.com/__cb2203295391339181/resources-ucp/v2/dist/styles/stickyNavigation.css]
[harrypotter.fandom.com/__cb2203295391339181/resources-ucp/v2/dist/styles/communityBar.css]
[harrypotter.fandom.com/feeds-and-posts/public/7512810dd/assets/client.css]
[static.wikia.nocookie.net/869411ad-9c53-4577-a8c8-6854c220a4c6/scale-to-width/phpVacF1C.jpg_; filename_=UTF-8''phpVacF1C.jpg]
[static.wikia.nocookie.net/b13e9abf-81b8-4672-8a0f-6a9b213cc57b/scale-to-width/phpqiVEGl.jpg_; filename_=UTF-8''phpqiVEGl.jpg]
[static.wikia.nocookie.net/6a1d22f1-a347-4ddc-9d18-84b88f0a4eb7/scale-to-width/static-assets-upload14704826749059726530.jpg_; filename_=UTF-8''static-assets-upload14704826749059726530.jpg]
[static.wikia.nocookie.net/cde961cf-498b-44c5-b5b8-bfc3057fff93/scale-to-width/phpZR5FGg.png_; filename_=UTF-8''phpZR5FGg.png]
[harrypotter.fandom.com/wikia2632.css]
[harrypotter.fandom.com/f/p/4400000000003660267/r/4400000000015121106.html]
[harrypotter.fandom.com/f/p/4400000000003660267/r/4400000000015121568.html]
[harrypotter.fandom.com/f/p/4400000000003660267/r/4400000000015121578.html]
[harrypotter.fandom.com/wikia4ec2.css]
[harrypotter.fandom.com/f/p/4400000000003660267/r/4400000000015120550.html]
[harrypotter.fandom.com/f/p/4400000000003660267/r/4400000000015120772.html]
[harrypotter.fandom.com/resources-ucp/v2/dist/svg/wds-brand-fandom-logo.svg]
[harrypotter.fandom.com/resources-ucp/v2/dist/svg/wds-brand-gamepedia-badge-orange.svg]
[harrypotter.fandom.com/wikia2632.css]
[harrypotter.fandom.com/wikia4ec2.css]
